2025-07-12 00:59:36,869 - lataupe_bunker - INFO - {"timestamp": "2025-07-11T22:59:36.869572", "level": "INFO", "message": "Initializing database tables", "service": "lataupe_bunker_tech", "version": "2.0.0"}
2025-07-12 00:59:36,910 - lataupe_bunker - INFO - {"timestamp": "2025-07-11T22:59:36.910605", "level": "INFO", "message": "Creating sample users", "service": "lataupe_bunker_tech", "version": "2.0.0"}
2025-07-12 00:59:37,226 - lataupe_bunker - INFO - {"timestamp": "2025-07-11T22:59:37.225961", "level": "INFO", "message": "Sample users created successfully", "service": "lataupe_bunker_tech", "version": "2.0.0"}
2025-07-12 00:59:37,229 - lataupe_bunker - INFO - {"timestamp": "2025-07-11T22:59:37.229617", "level": "INFO", "message": "Generating initial environmental data", "service": "lataupe_bunker_tech", "version": "2.0.0"}
2025-07-12 00:59:37,243 - lataupe_bunker - INFO - {"timestamp": "2025-07-11T22:59:37.243057", "level": "INFO", "message": "Test data generated for scenario: normal", "service": "lataupe_bunker_tech", "version": "2.0.0"}
2025-07-12 00:59:37,247 - lataupe_bunker - INFO - {"timestamp": "2025-07-11T22:59:37.247190", "level": "INFO", "message": "Test data generated for scenario: normal", "service": "lataupe_bunker_tech", "version": "2.0.0"}
2025-07-12 00:59:37,253 - lataupe_bunker - INFO - {"timestamp": "2025-07-11T22:59:37.253335", "level": "INFO", "message": "Test data generated for scenario: normal", "service": "lataupe_bunker_tech", "version": "2.0.0"}
2025-07-12 00:59:37,258 - lataupe_bunker - INFO - {"timestamp": "2025-07-11T22:59:37.258102", "level": "INFO", "message": "Test data generated for scenario: normal", "service": "lataupe_bunker_tech", "version": "2.0.0"}
2025-07-12 00:59:37,264 - lataupe_bunker - INFO - {"timestamp": "2025-07-11T22:59:37.264866", "level": "INFO", "message": "Test data generated for scenario: normal", "service": "lataupe_bunker_tech", "version": "2.0.0"}
2025-07-12 00:59:37,272 - lataupe_bunker - INFO - {"timestamp": "2025-07-11T22:59:37.272243", "level": "INFO", "message": "Test data generated for scenario: normal", "service": "lataupe_bunker_tech", "version": "2.0.0"}
2025-07-12 00:59:37,276 - lataupe_bunker - INFO - {"timestamp": "2025-07-11T22:59:37.276261", "level": "INFO", "message": "Test data generated for scenario: normal", "service": "lataupe_bunker_tech", "version": "2.0.0"}
2025-07-12 00:59:37,280 - lataupe_bunker - INFO - {"timestamp": "2025-07-11T22:59:37.280733", "level": "INFO", "message": "Test data generated for scenario: normal", "service": "lataupe_bunker_tech", "version": "2.0.0"}
2025-07-12 00:59:37,287 - lataupe_bunker - INFO - {"timestamp": "2025-07-11T22:59:37.287717", "level": "INFO", "message": "Test data generated for scenario: normal", "service": "lataupe_bunker_tech", "version": "2.0.0"}
2025-07-12 00:59:37,297 - lataupe_bunker - INFO - {"timestamp": "2025-07-11T22:59:37.297382", "level": "INFO", "message": "Test data generated for scenario: normal", "service": "lataupe_bunker_tech", "version": "2.0.0"}
2025-07-12 00:59:37,302 - lataupe_bunker - INFO - {"timestamp": "2025-07-11T22:59:37.302679", "level": "INFO", "message": "Test data generated for scenario: normal", "service": "lataupe_bunker_tech", "version": "2.0.0"}
2025-07-12 00:59:37,310 - lataupe_bunker - INFO - {"timestamp": "2025-07-11T22:59:37.309983", "level": "INFO", "message": "Test data generated for scenario: normal", "service": "lataupe_bunker_tech", "version": "2.0.0"}
2025-07-12 00:59:37,316 - lataupe_bunker - INFO - {"timestamp": "2025-07-11T22:59:37.316318", "level": "INFO", "message": "Test data generated for scenario: normal", "service": "lataupe_bunker_tech", "version": "2.0.0"}
2025-07-12 00:59:37,321 - lataupe_bunker - INFO - {"timestamp": "2025-07-11T22:59:37.321689", "level": "INFO", "message": "Test data generated for scenario: normal", "service": "lataupe_bunker_tech", "version": "2.0.0"}
2025-07-12 00:59:37,327 - lataupe_bunker - INFO - {"timestamp": "2025-07-11T22:59:37.327660", "level": "INFO", "message": "Test data generated for scenario: normal", "service": "lataupe_bunker_tech", "version": "2.0.0"}
2025-07-12 00:59:37,332 - lataupe_bunker - INFO - {"timestamp": "2025-07-11T22:59:37.332872", "level": "INFO", "message": "Test data generated for scenario: normal", "service": "lataupe_bunker_tech", "version": "2.0.0"}
2025-07-12 00:59:37,337 - lataupe_bunker - INFO - {"timestamp": "2025-07-11T22:59:37.337675", "level": "INFO", "message": "Test data generated for scenario: normal", "service": "lataupe_bunker_tech", "version": "2.0.0"}
2025-07-12 00:59:37,344 - lataupe_bunker - INFO - {"timestamp": "2025-07-11T22:59:37.344330", "level": "INFO", "message": "Test data generated for scenario: normal", "service": "lataupe_bunker_tech", "version": "2.0.0"}
2025-07-12 00:59:37,350 - lataupe_bunker - INFO - {"timestamp": "2025-07-11T22:59:37.350064", "level": "INFO", "message": "Test data generated for scenario: normal", "service": "lataupe_bunker_tech", "version": "2.0.0"}
2025-07-12 00:59:37,354 - lataupe_bunker - INFO - {"timestamp": "2025-07-11T22:59:37.354503", "level": "INFO", "message": "Test data generated for scenario: normal", "service": "lataupe_bunker_tech", "version": "2.0.0"}
2025-07-12 00:59:37,361 - lataupe_bunker - INFO - {"timestamp": "2025-07-11T22:59:37.361727", "level": "INFO", "message": "Test data generated for scenario: normal", "service": "lataupe_bunker_tech", "version": "2.0.0"}
2025-07-12 00:59:37,366 - lataupe_bunker - INFO - {"timestamp": "2025-07-11T22:59:37.366623", "level": "INFO", "message": "Test data generated for scenario: normal", "service": "lataupe_bunker_tech", "version": "2.0.0"}
2025-07-12 00:59:37,372 - lataupe_bunker - INFO - {"timestamp": "2025-07-11T22:59:37.372614", "level": "INFO", "message": "Test data generated for scenario: normal", "service": "lataupe_bunker_tech", "version": "2.0.0"}
2025-07-12 00:59:37,378 - lataupe_bunker - INFO - {"timestamp": "2025-07-11T22:59:37.378540", "level": "INFO", "message": "Test data generated for scenario: normal", "service": "lataupe_bunker_tech", "version": "2.0.0"}
2025-07-12 00:59:37,379 - lataupe_bunker - INFO - {"timestamp": "2025-07-11T22:59:37.379198", "level": "INFO", "message": "Database initialization completed successfully", "service": "lataupe_bunker_tech", "version": "2.0.0"}
2025-07-12 01:07:11,837 - lataupe_bunker - INFO - {"timestamp": "2025-07-11T23:07:11.837765", "level": "INFO", "message": "Initializing database tables", "service": "lataupe_bunker_tech", "version": "2.0.0"}
